<?xml version="1.0" encoding="UTF-8"?>
<!-- Generated by org.testng.reporters.JUnitXMLReporter -->
<testsuite hostname="INBL01LAP30350" ignored="0" name="Test" tests="8" failures="0" timestamp="2022-12-23T14:51:44 IST" time="118.016" errors="0">
  <testcase name="Tc_01" time="4.228" classname="users.Asc_Home_045_Test"/>
  <testcase name="Tc_01" time="6.099" classname="users.Asc_Services_048_Test"/>
  <testcase name="Tc_01" time="9.214" classname="users.Asc_Services_049_Test"/>
  <testcase name="Tc_01" time="4.104" classname="users.Asc_Experiences_050_Test"/>
  <testcase name="Tc_01" time="4.125" classname="users.Asc_Cilents_051_Test"/>
  <testcase name="Tc_01" time="4.11" classname="users.Asc_Portfolio_053_Test"/>
  <testcase name="Tc_01" time="4.122" classname="users.Asc_Teams_054_Test"/>
  <testcase name="Tc_01" time="10.611" classname="users.Asc_ContactUs_072_Test"/>
</testsuite> <!-- Test -->
