<?xml version="1.0" encoding="UTF-8"?>
<testng-results skipped="0" failed="0" ignored="0" total="1" passed="1">
  <reporter-output>
    <line>
      <![CDATA[Chrome Successfully launched]]>
    </line>
    <line>
      <![CDATA[Browser window is maximized successfully]]>
    </line>
    <line>
      <![CDATA[3]]>
    </line>
  </reporter-output>
  <suite name="Default suite" duration-ms="41070" started-at="2023-02-22T00:30:48 IST" finished-at="2023-02-22T00:31:29 IST">
    <groups>
    </groups>
    <test name="Default test" duration-ms="41070" started-at="2023-02-22T00:30:48 IST" finished-at="2023-02-22T00:31:29 IST">
      <class name="users.Asc_Ascenders_077">
        <test-method status="PASS" signature="openBrowser(java.lang.String)[pri:0, instance:users.Asc_Ascenders_077@76b0bfab]" name="openBrowser" is-config="true" duration-ms="13056" started-at="2023-02-22T00:30:48 IST" finished-at="2023-02-22T00:31:01 IST">
          <params>
            <param index="0">
              <value>
                <![CDATA[chrome]]>
              </value>
            </param>
          </params>
          <reporter-output>
            <line>
              <![CDATA[Chrome Successfully launched]]>
            </line>
            <line>
              <![CDATA[Browser window is maximized successfully]]>
            </line>
          </reporter-output>
        </test-method> <!-- openBrowser -->
        <test-method status="PASS" signature="openApplication()[pri:0, instance:users.Asc_Ascenders_077@76b0bfab]" name="openApplication" is-config="true" duration-ms="9599" started-at="2023-02-22T00:31:01 IST" finished-at="2023-02-22T00:31:10 IST">
          <reporter-output>
          </reporter-output>
        </test-method> <!-- openApplication -->
        <test-method status="PASS" signature="login()[pri:0, instance:users.Asc_Ascenders_077@76b0bfab]" name="login" duration-ms="17221" started-at="2023-02-22T00:31:10 IST" finished-at="2023-02-22T00:31:28 IST">
          <reporter-output>
            <line>
              <![CDATA[3]]>
            </line>
          </reporter-output>
        </test-method> <!-- login -->
        <test-method status="PASS" signature="closeBrowser()[pri:0, instance:users.Asc_Ascenders_077@76b0bfab]" name="closeBrowser" is-config="true" duration-ms="1156" started-at="2023-02-22T00:31:28 IST" finished-at="2023-02-22T00:31:29 IST">
          <reporter-output>
          </reporter-output>
        </test-method> <!-- closeBrowser -->
      </class> <!-- users.Asc_Ascenders_077 -->
    </test> <!-- Default test -->
  </suite> <!-- Default suite -->
</testng-results>
